{
  "RSpec": {
    "coverage": {
      "C:/Ruby/rails/first/shop/spec/controllers/sessions_controller_spec.rb": [
        1,
        null,
        1,
        5,
        1,
        1,
        1,
        1,
        1,
        null,
        1,
        1,
        1,
        1,
        1,
        1,
        1,
        null,
        1,
        1,
        1,
        1,
        1,
        1,
        null,
        null,
        null,
        null,
        1,
        1,
        1,
        1,
        1,
        null,
        null,
        null,
        null
      ],
      "C:/Ruby/rails/first/shop/spec/rails_helper.rb": [
        null,
        1,
        1,
        1,
        1,
        null,
        null,
        null,
        null,
        null,
        null,
        null,
        null,
        null,
        null,
        null,
        null,
        null,
        null,
        null,
        null,
        null,
        null,
        null,
        1,
        null,
        1,
        null,
        1,
        null,
        null,
        null,
        null,
        1,
        null,
        null,
        null,
        null,
        null,
        null,
        null,
        null,
        null,
        null,
        null,
        null,
        null,
        null,
        1,
        null
      ],
      "C:/Ruby/rails/first/shop/config/environment.rb": [
        null,
        1,
        null,
        null,
        1
      ],
      "C:/Ruby/rails/first/shop/config/application.rb": [
        1,
        null,
        1,
        null,
        1,
        null,
        1,
        1,
        null,
        null
      ],
      "C:/Ruby/rails/first/shop/config/boot.rb": [
        null,
        1,
        null,
        1
      ],
      "C:/Ruby/rails/first/shop/config/environments/test.rb": [
        1,
        null,
        null,
        null,
        null,
        null,
        1,
        null,
        null,
        null,
        null,
        1,
        null,
        null,
        1,
        1,
        null,
        null,
        1,
        1,
        null,
        null,
        1,
        null,
        null,
        1,
        null,
        null,
        null,
        null,
        1,
        null,
        null,
        1,
        null,
        null,
        null,
        null
      ],
      "C:/Ruby/rails/first/shop/config/initializers/assets.rb": [
        1
      ],
      "C:/Ruby/rails/first/shop/config/initializers/backtrace_silencers.rb": [

      ],
      "C:/Ruby/rails/first/shop/config/initializers/cookies_serializer.rb": [
        null,
        1
      ],
      "C:/Ruby/rails/first/shop/config/initializers/filter_parameter_logging.rb": [
        null,
        null,
        null,
        1
      ],
      "C:/Ruby/rails/first/shop/config/initializers/inflections.rb": [
        null,
        null,
        null,
        null,
        null,
        null,
        null,
        null,
        null,
        null,
        null,
        null,
        null,
        null,
        null,
        null
      ],
      "C:/Ruby/rails/first/shop/config/initializers/mime_types.rb": [
        null,
        null,
        null,
        null
      ],
      "C:/Ruby/rails/first/shop/config/initializers/session_store.rb": [
        null,
        null,
        1
      ],
      "C:/Ruby/rails/first/shop/config/initializers/wrap_parameters.rb": [
        1,
        1,
        null
      ],
      "C:/Ruby/rails/first/shop/spec/factories/cart_items.rb": [
        1,
        1,
        1,
        1,
        1,
        1,
        null,
        null,
        null
      ],
      "C:/Ruby/rails/first/shop/spec/factories/carts.rb": [
        1,
        1,
        1,
        1,
        null,
        null,
        null
      ],
      "C:/Ruby/rails/first/shop/spec/factories/comments.rb": [
        1,
        1,
        1,
        1,
        1,
        null,
        null,
        null
      ],
      "C:/Ruby/rails/first/shop/spec/factories/game_lists.rb": [
        1,
        1,
        1,
        1,
        1,
        null,
        null,
        null
      ],
      "C:/Ruby/rails/first/shop/spec/factories/games.rb": [
        1,
        1,
        1,
        1,
        1,
        1,
        null,
        null,
        null
      ],
      "C:/Ruby/rails/first/shop/spec/factories/messages.rb": [
        1,
        1,
        1,
        1,
        1,
        1,
        null,
        null,
        null
      ],
      "C:/Ruby/rails/first/shop/spec/factories/purchase_items.rb": [
        1,
        1,
        1,
        1,
        1,
        1,
        null,
        null,
        null
      ],
      "C:/Ruby/rails/first/shop/spec/factories/purchases.rb": [
        1,
        1,
        1,
        1,
        null,
        null,
        null
      ],
      "C:/Ruby/rails/first/shop/spec/factories/ratings.rb": [
        1,
        1,
        1,
        1,
        1,
        null,
        null,
        null
      ],
      "C:/Ruby/rails/first/shop/spec/factories/users.rb": [
        1,
        1,
        1,
        1,
        1,
        1,
        1,
        1,
        1,
        1,
        1,
        null,
        1,
        1,
        null,
        1,
        1,
        1,
        null,
        null,
        null,
        null,
        null
      ],
      "C:/Ruby/rails/first/shop/config/routes.rb": [
        1,
        1,
        null,
        1,
        null,
        1,
        null,
        1,
        null,
        1,
        null,
        1,
        null,
        1,
        null,
        1,
        null,
        1,
        null,
        1,
        null,
        1,
        1,
        1,
        null,
        null,
        null,
        1,
        null,
        1,
        1,
        1,
        1,
        1,
        1,
        1,
        1,
        1,
        null
      ],
      "C:/Ruby/rails/first/shop/app/helpers/application_helper.rb": [
        null,
        1,
        null
      ],
      "C:/Ruby/rails/first/shop/app/helpers/sessions_helper.rb": [
        null,
        1,
        1,
        1,
        7,
        6,
        6,
        1,
        null,
        5,
        null,
        6,
        6,
        null,
        null,
        1,
        7,
        null,
        null,
        1,
        13,
        13,
        null,
        null,
        1,
        2,
        2,
        2,
        null,
        null
      ],
      "C:/Ruby/rails/first/shop/app/controllers/sessions_controller.rb": [
        null,
        1,
        1,
        null,
        null,
        1,
        4,
        null,
        4,
        2,
        2,
        null,
        2,
        2,
        null,
        null,
        null,
        1,
        1,
        1,
        null,
        null
      ],
      "C:/Ruby/rails/first/shop/app/controllers/application_controller.rb": [
        null,
        1,
        null,
        null,
        1,
        1,
        null
      ],
      "C:/Ruby/rails/first/shop/spec/controllers/static_pages_controller_spec.rb": [
        1,
        null,
        1,
        null,
        null
      ],
      "C:/Ruby/rails/first/shop/app/controllers/static_pages_controller.rb": [
        null,
        1,
        1,
        null,
        null,
        1,
        null,
        null
      ],
      "C:/Ruby/rails/first/shop/spec/controllers/users_controller_spec.rb": [
        1,
        null,
        null,
        null,
        null,
        null,
        null,
        null,
        null,
        null,
        null,
        null,
        null,
        null,
        null,
        null,
        null,
        null,
        null,
        null,
        1,
        null,
        null,
        null,
        null,
        14,
        null,
        null,
        null,
        null,
        null,
        null,
        1,
        1,
        1,
        1,
        null,
        null,
        null,
        1,
        1,
        1,
        1,
        null,
        null,
        null,
        1,
        1,
        1,
        1,
        1,
        1,
        1,
        1,
        null,
        null,
        1,
        1,
        1,
        1,
        null,
        null,
        null,
        1,
        1,
        1,
        1,
        null,
        null,
        1,
        1,
        1,
        1,
        null,
        null,
        null,
        1,
        1,
        1,
        1,
        null,
        null,
        1,
        1,
        1,
        null,
        null,
        null,
        null,
        1,
        1,
        1,
        1,
        null,
        null,
        1,
        1,
        1,
        1,
        null,
        null,
        null,
        null,
        1,
        1,
        2,
        null,
        null,
        null,
        1,
        1,
        1,
        null,
        null,
        null,
        1,
        1,
        1,
        1,
        null,
        null,
        null,
        null
      ],
      "C:/Ruby/rails/first/shop/app/controllers/users_controller.rb": [
        null,
        1,
        1,
        null,
        null,
        null,
        1,
        1,
        null,
        null,
        null,
        1,
        1,
        null,
        null,
        null,
        null,
        1,
        6,
        6,
        4,
        4,
        4,
        4,
        null,
        2,
        2,
        null,
        null,
        null,
        1,
        1,
        1,
        1,
        null,
        null,
        1,
        1,
        1,
        1,
        null,
        null,
        1,
        1,
        null,
        null,
        null,
        null,
        1,
        2,
        2,
        2,
        2,
        null,
        2,
        null,
        null,
        null,
        1,
        null,
        1,
        2,
        null,
        null,
        1,
        6,
        null,
        null,
        null
      ],
      "C:/Ruby/rails/first/shop/spec/helpers/sessions_helper_spec.rb": [
        1,
        null,
        1,
        8,
        null,
        1,
        1,
        1,
        1,
        null,
        null,
        1,
        1,
        1,
        null,
        null,
        1,
        1,
        1,
        1,
        1,
        null,
        null,
        1,
        1,
        1,
        1,
        null,
        null,
        null,
        1,
        1,
        1,
        null,
        null,
        null,
        1,
        1,
        1,
        1,
        null,
        null,
        null,
        1,
        1,
        1,
        1,
        1,
        null,
        null,
        null
      ],
      "C:/Ruby/rails/first/shop/spec/mailers/user_mailer_spec.rb": [
        1,
        null,
        1,
        1,
        2,
        null,
        null,
        null,
        null,
        null,
        1,
        1,
        2,
        2,
        null,
        null,
        1,
        1,
        2,
        2,
        null,
        null,
        null
      ],
      "C:/Ruby/rails/first/shop/app/mailers/user_mailer.rb": [
        null,
        1,
        1,
        null,
        1,
        1,
        1,
        1,
        null,
        null,
        1,
        1,
        1,
        1,
        null,
        null
      ],
      "C:/Ruby/rails/first/shop/spec/models/cart_item_spec.rb": [
        1,
        null,
        1,
        null
      ],
      "C:/Ruby/rails/first/shop/app/models/cart_item.rb": [
        null,
        1,
        1,
        1,
        null
      ],
      "C:/Ruby/rails/first/shop/spec/models/cart_spec.rb": [
        1,
        null,
        1,
        1,
        1,
        1,
        4,
        null,
        null,
        null,
        1,
        1,
        1,
        3,
        1,
        null,
        null,
        1,
        1,
        1,
        1,
        1,
        1,
        null,
        null,
        1,
        1,
        1,
        1,
        1,
        null,
        null,
        null,
        null,
        1,
        null,
        null,
        1,
        1,
        1,
        1,
        1,
        1,
        1,
        1,
        1,
        null,
        null,
        null,
        1,
        null,
        null,
        1,
        1,
        1,
        1,
        1,
        1,
        1,
        1,
        1,
        null,
        null
      ],
      "C:/Ruby/rails/first/shop/app/models/cart.rb": [
        null,
        1,
        1,
        1,
        null,
        1,
        6,
        6,
        5,
        null,
        null,
        1,
        1,
        1,
        null,
        6,
        null,
        null,
        1,
        6,
        6,
        6,
        null,
        null,
        null,
        1,
        1,
        1,
        null,
        null,
        1,
        1,
        1,
        1,
        null,
        1,
        null,
        null,
        1,
        2,
        2,
        2,
        2,
        2,
        2,
        null,
        null,
        2,
        2,
        null,
        null
      ],
      "C:/Ruby/rails/first/shop/spec/models/comment_spec.rb": [
        1,
        null,
        1,
        1,
        1,
        1,
        1,
        null,
        null
      ],
      "C:/Ruby/rails/first/shop/app/models/comment.rb": [
        null,
        1,
        1,
        1,
        null,
        1,
        1,
        1,
        null,
        null
      ],
      "C:/Ruby/rails/first/shop/spec/models/game_list_spec.rb": [
        1,
        null,
        1,
        null
      ],
      "C:/Ruby/rails/first/shop/app/models/game_list.rb": [
        null,
        1,
        1,
        1,
        null
      ],
      "C:/Ruby/rails/first/shop/spec/models/game_spec.rb": [
        1,
        null,
        1,
        1,
        1,
        1,
        1,
        null,
        null,
        1,
        1,
        1,
        1,
        null,
        null,
        1,
        1,
        1,
        1,
        null,
        null,
        1,
        1,
        1,
        1,
        1,
        1,
        null,
        null,
        1,
        1,
        1,
        1,
        1,
        1,
        null,
        null
      ],
      "C:/Ruby/rails/first/shop/app/models/game.rb": [
        null,
        1,
        1,
        1,
        1,
        1,
        1,
        1,
        null,
        null,
        1,
        1,
        1,
        null,
        null,
        1,
        1,
        1,
        null,
        null,
        1,
        1,
        1,
        null,
        null,
        1,
        1,
        null,
        null,
        1,
        1,
        null,
        null
      ],
      "C:/Ruby/rails/first/shop/spec/models/message_spec.rb": [
        1,
        null,
        1,
        null
      ],
      "C:/Ruby/rails/first/shop/app/models/message.rb": [
        null,
        1,
        1,
        1,
        null
      ],
      "C:/Ruby/rails/first/shop/spec/models/purchase_item_spec.rb": [
        1,
        null,
        1,
        null
      ],
      "C:/Ruby/rails/first/shop/app/models/purchase_item.rb": [
        null,
        1,
        1,
        1,
        null
      ],
      "C:/Ruby/rails/first/shop/spec/models/purchase_spec.rb": [
        1,
        null,
        1,
        1,
        1,
        1,
        1,
        1,
        null,
        null,
        null
      ],
      "C:/Ruby/rails/first/shop/app/models/purchase.rb": [
        null,
        1,
        1,
        1,
        null,
        1,
        3,
        3,
        3,
        null,
        null
      ],
      "C:/Ruby/rails/first/shop/spec/models/rating_spec.rb": [
        1,
        null,
        1,
        null
      ],
      "C:/Ruby/rails/first/shop/app/models/rating.rb": [
        null,
        1,
        1,
        1,
        null
      ],
      "C:/Ruby/rails/first/shop/spec/models/user_spec.rb": [
        1,
        null,
        1,
        1,
        1,
        1,
        1,
        1,
        null,
        null,
        1,
        1,
        1,
        4,
        null,
        null,
        1,
        1,
        4,
        null,
        null,
        1,
        1,
        1,
        1,
        null,
        null,
        1,
        1,
        1,
        1,
        null,
        null,
        1,
        1,
        1,
        4,
        null,
        1,
        null,
        null,
        1,
        1,
        2,
        2,
        null,
        null,
        1,
        1,
        2,
        2,
        null,
        null,
        1,
        1,
        2,
        2,
        null,
        null,
        1,
        1,
        1,
        1,
        1,
        1,
        null,
        null,
        1,
        1,
        1,
        3,
        1,
        null,
        null,
        1,
        1,
        1,
        1,
        null,
        null,
        1,
        1,
        1,
        1,
        1,
        1,
        null,
        null,
        1,
        1,
        1,
        1,
        1,
        1,
        null,
        null,
        1,
        1,
        1,
        1,
        1,
        1,
        null,
        null,
        1,
        1,
        1,
        1,
        1,
        1,
        null,
        null
      ],
      "C:/Ruby/rails/first/shop/app/models/user.rb": [
        null,
        1,
        1,
        1,
        1,
        1,
        1,
        1,
        1,
        1,
        1,
        1,
        1,
        143,
        1,
        1,
        1,
        null,
        null,
        1,
        1,
        1,
        null,
        null,
        1,
        9,
        null,
        null,
        1,
        60,
        60,
        60,
        60,
        60,
        null,
        null,
        1,
        3,
        3,
        3,
        3,
        null,
        null,
        1,
        1,
        null,
        null,
        1,
        4,
        null,
        null,
        1,
        6,
        null,
        null,
        1,
        2,
        null,
        null,
        1,
        9,
        null,
        null,
        1,
        2,
        null,
        null,
        1,
        5,
        null,
        null,
        1,
        2,
        null,
        null,
        1,
        1,
        null,
        null,
        1,
        3,
        3,
        null,
        null,
        1,
        1,
        null,
        null,
        1,
        1,
        null,
        null,
        null,
        1,
        3,
        2,
        null,
        1,
        1,
        null,
        null,
        null,
        1,
        1,
        1,
        null,
        null,
        1,
        1,
        1,
        null,
        null,
        1,
        1,
        1,
        null,
        null,
        1,
        1,
        1,
        null,
        null,
        1,
        145,
        null,
        null,
        1,
        130,
        null,
        null,
        1,
        4,
        4,
        3,
        1,
        null,
        2,
        null,
        null,
        1,
        null,
        null,
        null,
        1,
        null,
        1,
        60,
        60,
        null,
        null
      ],
      "C:/Ruby/rails/first/shop/spec/views/users/show.html.erb_spec.rb": [
        1,
        null,
        1,
        1,
        5,
        null,
        null,
        1,
        1,
        1,
        null,
        null,
        1,
        1,
        1,
        null,
        null,
        1,
        1,
        1,
        null,
        null,
        1,
        1,
        1,
        null,
        null,
        1,
        1,
        1,
        null,
        null
      ]
    },
    "timestamp": 1418063349
  }
}
